
**** Build of configuration Debug for project ELEC536ProjectTests ****

make all 
make: Nothing to be done for `all'.

**** Build Finished ****

**** Build of configuration Debug for project ELEC536ProjectTests ****

make all 
make: Nothing to be done for `all'.

**** Build Finished ****

**** Build of configuration Debug for project ELEC536ProjectTests ****

make all 
make: Nothing to be done for `all'.

**** Build Finished ****

**** Build of configuration Debug for project ELEC536ProjectTests ****

make all 
Building file: ../src/ELEC536ProjectTests.cpp
Invoking: GCC C++ Compiler
g++ -I/usr/local/include/opencv -O0 -g3 -Wall -c -fmessage-length=0 -MMD -MP -MF"src/ELEC536ProjectTests.d" -MT"src/ELEC536ProjectTests.d" -o "src/ELEC536ProjectTests.o" "../src/ELEC536ProjectTests.cpp"
../src/ELEC536ProjectTests.cpp: In function ‘void opencvConnectedComponent(cv::Mat*, cv::Mat*)’:
../src/ELEC536ProjectTests.cpp:285: warning: unused variable ‘_levels’
../src/ELEC536ProjectTests.cpp: In function ‘void depthFromDiffusion(cv::Mat*, cv::Mat*, int)’:
../src/ELEC536ProjectTests.cpp:311: error: cannot convert ‘cv::Scalar’ to ‘unsigned char’ in assignment
make: *** [src/ELEC536ProjectTests.o] Error 1

**** Build Finished ****

**** Build of configuration Debug for project ELEC536ProjectTests ****

make all 
Building file: ../src/ELEC536ProjectTests.cpp
Invoking: GCC C++ Compiler
g++ -I/usr/local/include/opencv -O0 -g3 -Wall -c -fmessage-length=0 -MMD -MP -MF"src/ELEC536ProjectTests.d" -MT"src/ELEC536ProjectTests.d" -o "src/ELEC536ProjectTests.o" "../src/ELEC536ProjectTests.cpp"
../src/ELEC536ProjectTests.cpp: In function ‘void opencvConnectedComponent(cv::Mat*, cv::Mat*)’:
../src/ELEC536ProjectTests.cpp:285: warning: unused variable ‘_levels’
Finished building: ../src/ELEC536ProjectTests.cpp
 
Building target: ELEC536ProjectTests
Invoking: GCC C++ Linker
g++ -L/usr/include/opencv -o "ELEC536ProjectTests"  ./src/ELEC536ProjectTests.o   -lcv -lcvaux -lhighgui -lcxcore -lml
Finished building target: ELEC536ProjectTests
 

**** Build Finished ****

**** Build of configuration Debug for project ELEC536ProjectTests ****

make all 
make: Nothing to be done for `all'.

**** Build Finished ****

**** Build of configuration Debug for project ELEC536ProjectTests ****

make all 
Building file: ../src/ELEC536ProjectTests.cpp
Invoking: GCC C++ Compiler
g++ -I/usr/local/include/opencv -O0 -g3 -Wall -c -fmessage-length=0 -MMD -MP -MF"src/ELEC536ProjectTests.d" -MT"src/ELEC536ProjectTests.d" -o "src/ELEC536ProjectTests.o" "../src/ELEC536ProjectTests.cpp"
../src/ELEC536ProjectTests.cpp: In function ‘void opencvConnectedComponent(cv::Mat*, cv::Mat*)’:
../src/ELEC536ProjectTests.cpp:285: warning: unused variable ‘_levels’
../src/ELEC536ProjectTests.cpp: In function ‘void depthFromDiffusion(cv::Mat*, cv::Mat*, int)’:
../src/ELEC536ProjectTests.cpp:311: error: request for member ‘val’ in ‘stdDev’, which is of non-class type ‘cv::Scalar*’
make: *** [src/ELEC536ProjectTests.o] Error 1

**** Build Finished ****

**** Build of configuration Debug for project ELEC536ProjectTests ****

make all 
Building file: ../src/ELEC536ProjectTests.cpp
Invoking: GCC C++ Compiler
g++ -I/usr/local/include/opencv -O0 -g3 -Wall -c -fmessage-length=0 -MMD -MP -MF"src/ELEC536ProjectTests.d" -MT"src/ELEC536ProjectTests.d" -o "src/ELEC536ProjectTests.o" "../src/ELEC536ProjectTests.cpp"
../src/ELEC536ProjectTests.cpp: In function ‘void opencvConnectedComponent(cv::Mat*, cv::Mat*)’:
../src/ELEC536ProjectTests.cpp:285: warning: unused variable ‘_levels’
../src/ELEC536ProjectTests.cpp: In function ‘void depthFromDiffusion(cv::Mat*, cv::Mat*, int)’:
../src/ELEC536ProjectTests.cpp:310: warning: ‘mean’ may be used uninitialized in this function
../src/ELEC536ProjectTests.cpp:310: warning: ‘stdDev’ may be used uninitialized in this function
Finished building: ../src/ELEC536ProjectTests.cpp
 
Building target: ELEC536ProjectTests
Invoking: GCC C++ Linker
g++ -L/usr/include/opencv -o "ELEC536ProjectTests"  ./src/ELEC536ProjectTests.o   -lcv -lcvaux -lhighgui -lcxcore -lml
Finished building target: ELEC536ProjectTests
 

**** Build Finished ****

**** Build of configuration Debug for project ELEC536ProjectTests ****

make all 
Building file: ../src/ELEC536ProjectTests.cpp
Invoking: GCC C++ Compiler
g++ -I/usr/local/include/opencv -O0 -g3 -Wall -c -fmessage-length=0 -MMD -MP -MF"src/ELEC536ProjectTests.d" -MT"src/ELEC536ProjectTests.d" -o "src/ELEC536ProjectTests.o" "../src/ELEC536ProjectTests.cpp"
../src/ELEC536ProjectTests.cpp: In function ‘void opencvConnectedComponent(cv::Mat*, cv::Mat*)’:
../src/ELEC536ProjectTests.cpp:285: warning: unused variable ‘_levels’
Finished building: ../src/ELEC536ProjectTests.cpp
 
Building target: ELEC536ProjectTests
Invoking: GCC C++ Linker
g++ -L/usr/include/opencv -o "ELEC536ProjectTests"  ./src/ELEC536ProjectTests.o   -lcv -lcvaux -lhighgui -lcxcore -lml
Finished building target: ELEC536ProjectTests
 

**** Build Finished ****

**** Build of configuration Debug for project ELEC536ProjectTests ****

make all 
make: Nothing to be done for `all'.

**** Build Finished ****

**** Build of configuration Debug for project ELEC536ProjectTests ****

make all 
Building file: ../src/ELEC536ProjectTests.cpp
Invoking: GCC C++ Compiler
g++ -I/usr/local/include/opencv -O0 -g3 -Wall -c -fmessage-length=0 -MMD -MP -MF"src/ELEC536ProjectTests.d" -MT"src/ELEC536ProjectTests.d" -o "src/ELEC536ProjectTests.o" "../src/ELEC536ProjectTests.cpp"
../src/ELEC536ProjectTests.cpp: In function ‘void opencvConnectedComponent(cv::Mat*, cv::Mat*)’:
../src/ELEC536ProjectTests.cpp:285: warning: unused variable ‘_levels’
Finished building: ../src/ELEC536ProjectTests.cpp
 
Building target: ELEC536ProjectTests
Invoking: GCC C++ Linker
g++ -L/usr/include/opencv -o "ELEC536ProjectTests"  ./src/ELEC536ProjectTests.o   -lcv -lcvaux -lhighgui -lcxcore -lml
Finished building target: ELEC536ProjectTests
 

**** Build Finished ****

**** Build of configuration Debug for project ELEC536ProjectTests ****

make all 
Building file: ../src/ELEC536ProjectTests.cpp
Invoking: GCC C++ Compiler
g++ -I/usr/local/include/opencv -O0 -g3 -Wall -c -fmessage-length=0 -MMD -MP -MF"src/ELEC536ProjectTests.d" -MT"src/ELEC536ProjectTests.d" -o "src/ELEC536ProjectTests.o" "../src/ELEC536ProjectTests.cpp"
../src/ELEC536ProjectTests.cpp: In function ‘void opencvConnectedComponent(cv::Mat*, cv::Mat*)’:
../src/ELEC536ProjectTests.cpp:286: warning: unused variable ‘_levels’
Finished building: ../src/ELEC536ProjectTests.cpp
 
Building target: ELEC536ProjectTests
Invoking: GCC C++ Linker
g++ -L/usr/include/opencv -o "ELEC536ProjectTests"  ./src/ELEC536ProjectTests.o   -lcv -lcvaux -lhighgui -lcxcore -lml
Finished building target: ELEC536ProjectTests
 

**** Build Finished ****

**** Build of configuration Debug for project ELEC536ProjectTests ****

make all 
make: Nothing to be done for `all'.

**** Build Finished ****

**** Build of configuration Debug for project ELEC536ProjectTests ****

make all 
Building file: ../src/ELEC536ProjectTests.cpp
Invoking: GCC C++ Compiler
g++ -I/usr/local/include/opencv -O0 -g3 -Wall -c -fmessage-length=0 -MMD -MP -MF"src/ELEC536ProjectTests.d" -MT"src/ELEC536ProjectTests.d" -o "src/ELEC536ProjectTests.o" "../src/ELEC536ProjectTests.cpp"
../src/ELEC536ProjectTests.cpp: In function ‘void opencvConnectedComponent(cv::Mat*, cv::Mat*)’:
../src/ELEC536ProjectTests.cpp:286: warning: unused variable ‘_levels’
Finished building: ../src/ELEC536ProjectTests.cpp
 
Building target: ELEC536ProjectTests
Invoking: GCC C++ Linker
g++ -L/usr/include/opencv -o "ELEC536ProjectTests"  ./src/ELEC536ProjectTests.o   -lcv -lcvaux -lhighgui -lcxcore -lml
Finished building target: ELEC536ProjectTests
 

**** Build Finished ****

**** Build of configuration Debug for project ELEC536ProjectTests ****

make all 
Building file: ../src/ELEC536ProjectTests.cpp
Invoking: GCC C++ Compiler
g++ -I/usr/local/include/opencv -O0 -g3 -Wall -c -fmessage-length=0 -MMD -MP -MF"src/ELEC536ProjectTests.d" -MT"src/ELEC536ProjectTests.d" -o "src/ELEC536ProjectTests.o" "../src/ELEC536ProjectTests.cpp"
../src/ELEC536ProjectTests.cpp: In function ‘void opencvConnectedComponent(cv::Mat*, cv::Mat*)’:
../src/ELEC536ProjectTests.cpp:286: warning: unused variable ‘_levels’
Finished building: ../src/ELEC536ProjectTests.cpp
 
Building target: ELEC536ProjectTests
Invoking: GCC C++ Linker
g++ -L/usr/include/opencv -o "ELEC536ProjectTests"  ./src/ELEC536ProjectTests.o   -lcv -lcvaux -lhighgui -lcxcore -lml
Finished building target: ELEC536ProjectTests
 

**** Build Finished ****

**** Build of configuration Debug for project ELEC536ProjectTests ****

make all 
Building file: ../src/ELEC536ProjectTests.cpp
Invoking: GCC C++ Compiler
g++ -I/usr/local/include/opencv -O0 -g3 -Wall -c -fmessage-length=0 -MMD -MP -MF"src/ELEC536ProjectTests.d" -MT"src/ELEC536ProjectTests.d" -o "src/ELEC536ProjectTests.o" "../src/ELEC536ProjectTests.cpp"
../src/ELEC536ProjectTests.cpp: In function ‘void opencvConnectedComponent(cv::Mat*, cv::Mat*)’:
../src/ELEC536ProjectTests.cpp:286: warning: unused variable ‘_levels’
Finished building: ../src/ELEC536ProjectTests.cpp
 
Building target: ELEC536ProjectTests
Invoking: GCC C++ Linker
g++ -L/usr/include/opencv -o "ELEC536ProjectTests"  ./src/ELEC536ProjectTests.o   -lcv -lcvaux -lhighgui -lcxcore -lml
Finished building target: ELEC536ProjectTests
 

**** Build Finished ****

**** Build of configuration Debug for project ELEC536ProjectTests ****

make all 
Building file: ../src/ELEC536ProjectTests.cpp
Invoking: GCC C++ Compiler
g++ -I/usr/local/include/opencv -O0 -g3 -Wall -c -fmessage-length=0 -MMD -MP -MF"src/ELEC536ProjectTests.d" -MT"src/ELEC536ProjectTests.d" -o "src/ELEC536ProjectTests.o" "../src/ELEC536ProjectTests.cpp"
../src/ELEC536ProjectTests.cpp: In function ‘void opencvConnectedComponent(cv::Mat*, cv::Mat*)’:
../src/ELEC536ProjectTests.cpp:286: warning: unused variable ‘_levels’
Finished building: ../src/ELEC536ProjectTests.cpp
 
Building target: ELEC536ProjectTests
Invoking: GCC C++ Linker
g++ -L/usr/include/opencv -o "ELEC536ProjectTests"  ./src/ELEC536ProjectTests.o   -lcv -lcvaux -lhighgui -lcxcore -lml
Finished building target: ELEC536ProjectTests
 

**** Build Finished ****

**** Build of configuration Debug for project ELEC536ProjectTests ****

make all 
Building file: ../src/ELEC536ProjectTests.cpp
Invoking: GCC C++ Compiler
g++ -I/usr/local/include/opencv -O0 -g3 -Wall -c -fmessage-length=0 -MMD -MP -MF"src/ELEC536ProjectTests.d" -MT"src/ELEC536ProjectTests.d" -o "src/ELEC536ProjectTests.o" "../src/ELEC536ProjectTests.cpp"
../src/ELEC536ProjectTests.cpp: In function ‘void opencvConnectedComponent(cv::Mat*, cv::Mat*)’:
../src/ELEC536ProjectTests.cpp:286: warning: unused variable ‘_levels’
Finished building: ../src/ELEC536ProjectTests.cpp
 
Building target: ELEC536ProjectTests
Invoking: GCC C++ Linker
g++ -L/usr/include/opencv -o "ELEC536ProjectTests"  ./src/ELEC536ProjectTests.o   -lcv -lcvaux -lhighgui -lcxcore -lml
Finished building target: ELEC536ProjectTests
 

**** Build Finished ****

**** Build of configuration Debug for project ELEC536ProjectTests ****

make all 
Building file: ../src/ELEC536ProjectTests.cpp
Invoking: GCC C++ Compiler
g++ -I/usr/local/include/opencv -O0 -g3 -Wall -c -fmessage-length=0 -MMD -MP -MF"src/ELEC536ProjectTests.d" -MT"src/ELEC536ProjectTests.d" -o "src/ELEC536ProjectTests.o" "../src/ELEC536ProjectTests.cpp"
../src/ELEC536ProjectTests.cpp: In function ‘void opencvConnectedComponent(cv::Mat*, cv::Mat*)’:
../src/ELEC536ProjectTests.cpp:254: warning: unused variable ‘_levels’
Finished building: ../src/ELEC536ProjectTests.cpp
 
Building target: ELEC536ProjectTests
Invoking: GCC C++ Linker
g++ -L/usr/include/opencv -o "ELEC536ProjectTests"  ./src/ELEC536ProjectTests.o   -lcv -lcvaux -lhighgui -lcxcore -lml
Finished building target: ELEC536ProjectTests
 

**** Build Finished ****

**** Build of configuration Debug for project ELEC536ProjectTests ****

make all 
Building file: ../src/ELEC536ProjectTests.cpp
Invoking: GCC C++ Compiler
g++ -I/usr/local/include/opencv -O0 -g3 -Wall -c -fmessage-length=0 -MMD -MP -MF"src/ELEC536ProjectTests.d" -MT"src/ELEC536ProjectTests.d" -o "src/ELEC536ProjectTests.o" "../src/ELEC536ProjectTests.cpp"
../src/ELEC536ProjectTests.cpp: In function ‘void opencvConnectedComponent(cv::Mat*, cv::Mat*)’:
../src/ELEC536ProjectTests.cpp:254: warning: unused variable ‘_levels’
Finished building: ../src/ELEC536ProjectTests.cpp
 
Building target: ELEC536ProjectTests
Invoking: GCC C++ Linker
g++ -L/usr/include/opencv -o "ELEC536ProjectTests"  ./src/ELEC536ProjectTests.o   -lcv -lcvaux -lhighgui -lcxcore -lml
Finished building target: ELEC536ProjectTests
 

**** Build Finished ****

**** Build of configuration Debug for project ELEC536ProjectTests ****

make all 
Building file: ../src/ELEC536ProjectTests.cpp
Invoking: GCC C++ Compiler
g++ -I/usr/local/include/opencv -O0 -g3 -Wall -c -fmessage-length=0 -MMD -MP -MF"src/ELEC536ProjectTests.d" -MT"src/ELEC536ProjectTests.d" -o "src/ELEC536ProjectTests.o" "../src/ELEC536ProjectTests.cpp"
../src/ELEC536ProjectTests.cpp: In function ‘void opencvConnectedComponent(cv::Mat*, cv::Mat*)’:
../src/ELEC536ProjectTests.cpp:254: warning: unused variable ‘_levels’
Finished building: ../src/ELEC536ProjectTests.cpp
 
Building target: ELEC536ProjectTests
Invoking: GCC C++ Linker
g++ -L/usr/include/opencv -o "ELEC536ProjectTests"  ./src/ELEC536ProjectTests.o   -lcv -lcvaux -lhighgui -lcxcore -lml
Finished building target: ELEC536ProjectTests
 

**** Build Finished ****

**** Build of configuration Debug for project ELEC536ProjectTests ****

make all 
make: Nothing to be done for `all'.

**** Build Finished ****

**** Build of configuration Debug for project ELEC536ProjectTests ****

make all 
Building file: ../src/ELEC536ProjectTests.cpp
Invoking: GCC C++ Compiler
g++ -I/usr/local/include/opencv -O0 -g3 -Wall -c -fmessage-length=0 -MMD -MP -MF"src/ELEC536ProjectTests.d" -MT"src/ELEC536ProjectTests.d" -o "src/ELEC536ProjectTests.o" "../src/ELEC536ProjectTests.cpp"
../src/ELEC536ProjectTests.cpp: In function ‘void opencvConnectedComponent(cv::Mat*, cv::Mat*)’:
../src/ELEC536ProjectTests.cpp:254: warning: unused variable ‘_levels’
Finished building: ../src/ELEC536ProjectTests.cpp
 
Building target: ELEC536ProjectTests
Invoking: GCC C++ Linker
g++ -L/usr/include/opencv -o "ELEC536ProjectTests"  ./src/ELEC536ProjectTests.o   -lcv -lcvaux -lhighgui -lcxcore -lml
Finished building target: ELEC536ProjectTests
 

**** Build Finished ****

**** Build of configuration Debug for project ELEC536ProjectTests ****

make all 
make: Nothing to be done for `all'.

**** Build Finished ****

**** Build of configuration Debug for project ELEC536ProjectTests ****

make all 
make: Nothing to be done for `all'.

**** Build Finished ****
